15/06/26 05:01:38 INFO input.FileInputFormat: Total input paths to process : 47616
15/06/26 05:02:18 INFO mapreduce.JobSubmitter: number of splits:47616
15/06/26 05:02:19 INFO mapreduce.JobSubmitter: Submitting tokens for job: job_1434651818028_14061
15/06/26 05:02:19 INFO impl.YarnClientImpl: Submitted application application_1434651818028_14061
15/06/26 05:02:19 INFO mapreduce.Job: The url to track the job: http://analytics1001.eqiad.wmnet:8088/proxy/application_1434651818028_14061/
15/06/26 05:02:19 INFO mapreduce.Job: Running job: job_1434651818028_14061
15/06/26 05:02:28 INFO mapreduce.Job: Job job_1434651818028_14061 running in uber mode : false
15/06/26 05:02:28 INFO mapreduce.Job:  map 0% reduce 0%
15/06/26 05:03:46 INFO mapreduce.Job:  map 1% reduce 0%
15/06/26 05:05:57 INFO mapreduce.Job:  map 2% reduce 0%
15/06/26 05:08:57 INFO mapreduce.Job:  map 3% reduce 0%
15/06/26 05:11:53 INFO mapreduce.Job:  map 4% reduce 0%
15/06/26 05:14:53 INFO mapreduce.Job:  map 5% reduce 0%
15/06/26 05:17:34 INFO mapreduce.Job:  map 6% reduce 0%
15/06/26 05:20:03 INFO mapreduce.Job:  map 7% reduce 0%
15/06/26 05:22:38 INFO mapreduce.Job:  map 8% reduce 0%
15/06/26 05:25:08 INFO mapreduce.Job:  map 9% reduce 0%
15/06/26 05:27:33 INFO mapreduce.Job:  map 10% reduce 0%
15/06/26 05:29:58 INFO mapreduce.Job:  map 11% reduce 0%
15/06/26 05:32:51 INFO mapreduce.Job:  map 12% reduce 0%
15/06/26 05:35:23 INFO mapreduce.Job:  map 13% reduce 0%
15/06/26 05:37:49 INFO mapreduce.Job:  map 14% reduce 0%
15/06/26 05:38:29 INFO mapreduce.Job:  map 14% reduce 1%
15/06/26 05:41:06 INFO mapreduce.Job:  map 15% reduce 1%
15/06/26 05:43:44 INFO mapreduce.Job:  map 16% reduce 1%
15/06/26 05:45:48 INFO mapreduce.Job:  map 17% reduce 1%
15/06/26 05:47:06 INFO mapreduce.Job:  map 17% reduce 2%
15/06/26 05:47:49 INFO mapreduce.Job:  map 18% reduce 2%
15/06/26 05:50:14 INFO mapreduce.Job:  map 19% reduce 2%
15/06/26 05:55:48 INFO mapreduce.Job:  map 20% reduce 2%
15/06/26 05:59:11 INFO mapreduce.Job:  map 21% reduce 2%
15/06/26 06:01:04 INFO mapreduce.Job:  map 22% reduce 2%
15/06/26 06:01:40 INFO mapreduce.Job:  map 22% reduce 3%
15/06/26 06:03:09 INFO mapreduce.Job:  map 23% reduce 3%
15/06/26 06:06:04 INFO mapreduce.Job:  map 24% reduce 3%
15/06/26 06:10:36 INFO mapreduce.Job:  map 25% reduce 3%
15/06/26 06:16:43 INFO mapreduce.Job:  map 26% reduce 3%
15/06/26 06:21:03 INFO mapreduce.Job:  map 27% reduce 3%
15/06/26 06:25:39 INFO mapreduce.Job:  map 28% reduce 3%
15/06/26 06:29:38 INFO mapreduce.Job:  map 29% reduce 3%
15/06/26 06:34:13 INFO mapreduce.Job:  map 30% reduce 3%
15/06/26 06:35:55 INFO mapreduce.Job:  map 30% reduce 4%
15/06/26 06:37:06 INFO mapreduce.Job:  map 31% reduce 4%
15/06/26 06:39:35 INFO mapreduce.Job:  map 32% reduce 4%
15/06/26 06:41:01 INFO mapreduce.Job:  map 32% reduce 5%
15/06/26 06:41:48 INFO mapreduce.Job:  map 33% reduce 5%
15/06/26 06:43:10 INFO mapreduce.Job:  map 33% reduce 6%
15/06/26 06:44:10 INFO mapreduce.Job:  map 34% reduce 6%
15/06/26 06:48:57 INFO mapreduce.Job:  map 35% reduce 6%
15/06/26 06:57:36 INFO mapreduce.Job:  map 36% reduce 6%
15/06/26 07:00:56 INFO mapreduce.Job:  map 36% reduce 7%
15/06/26 07:01:13 INFO mapreduce.Job:  map 37% reduce 7%
15/06/26 07:03:24 INFO mapreduce.Job:  map 38% reduce 7%
15/06/26 07:03:44 INFO mapreduce.Job:  map 38% reduce 8%
15/06/26 07:08:38 INFO mapreduce.Job:  map 39% reduce 8%
15/06/26 07:11:10 INFO mapreduce.Job:  map 39% reduce 0%
15/06/26 07:11:49 INFO mapreduce.Job:  map 39% reduce 1%
15/06/26 07:12:48 INFO mapreduce.Job:  map 39% reduce 2%
15/06/26 07:13:40 INFO mapreduce.Job:  map 39% reduce 3%
15/06/26 07:14:16 INFO mapreduce.Job:  map 40% reduce 3%
15/06/26 07:15:13 INFO mapreduce.Job:  map 40% reduce 4%
15/06/26 07:17:35 INFO mapreduce.Job:  map 41% reduce 4%
15/06/26 07:18:42 INFO mapreduce.Job:  map 41% reduce 5%
15/06/26 07:21:11 INFO mapreduce.Job:  map 42% reduce 5%
15/06/26 07:25:52 INFO mapreduce.Job:  map 43% reduce 5%
15/06/26 07:29:13 INFO mapreduce.Job:  map 43% reduce 6%
15/06/26 07:29:30 INFO mapreduce.Job:  map 44% reduce 6%
15/06/26 07:30:29 INFO mapreduce.Job:  map 44% reduce 7%
15/06/26 07:32:12 INFO mapreduce.Job:  map 44% reduce 8%
15/06/26 07:34:47 INFO mapreduce.Job:  map 45% reduce 8%
15/06/26 07:39:20 INFO mapreduce.Job:  map 46% reduce 8%
15/06/26 07:42:12 INFO mapreduce.Job:  map 47% reduce 8%
15/06/26 07:44:33 INFO mapreduce.Job:  map 47% reduce 9%
15/06/26 07:45:08 INFO mapreduce.Job:  map 48% reduce 9%
15/06/26 07:47:42 INFO mapreduce.Job:  map 49% reduce 9%
15/06/26 07:49:13 INFO mapreduce.Job:  map 49% reduce 10%
15/06/26 07:50:23 INFO mapreduce.Job:  map 50% reduce 10%
15/06/26 07:53:20 INFO mapreduce.Job:  map 51% reduce 10%
15/06/26 07:53:23 INFO mapreduce.Job:  map 51% reduce 11%
15/06/26 07:54:49 INFO mapreduce.Job:  map 51% reduce 12%
15/06/26 07:55:32 INFO mapreduce.Job:  map 52% reduce 12%
15/06/26 07:55:56 INFO mapreduce.Job:  map 52% reduce 13%
15/06/26 07:56:50 INFO mapreduce.Job:  map 52% reduce 14%
15/06/26 07:57:32 INFO mapreduce.Job:  map 53% reduce 14%
15/06/26 07:57:56 INFO mapreduce.Job:  map 53% reduce 15%
15/06/26 07:58:26 INFO mapreduce.Job:  map 53% reduce 3%
15/06/26 07:58:27 INFO mapreduce.Job:  map 53% reduce 0%
15/06/26 07:58:57 INFO mapreduce.Job:  map 53% reduce 1%
15/06/26 07:59:44 INFO mapreduce.Job:  map 53% reduce 2%
15/06/26 08:00:31 INFO mapreduce.Job:  map 53% reduce 3%
15/06/26 08:01:17 INFO mapreduce.Job:  map 53% reduce 4%
15/06/26 08:02:00 INFO mapreduce.Job:  map 53% reduce 5%
15/06/26 08:02:42 INFO mapreduce.Job:  map 53% reduce 6%
15/06/26 08:03:25 INFO mapreduce.Job:  map 53% reduce 7%
15/06/26 08:03:37 INFO mapreduce.Job:  map 54% reduce 7%
15/06/26 08:08:07 INFO mapreduce.Job:  map 55% reduce 7%
15/06/26 08:09:49 INFO mapreduce.Job:  map 55% reduce 8%
15/06/26 08:12:42 INFO mapreduce.Job:  map 56% reduce 8%
15/06/26 08:17:24 INFO mapreduce.Job:  map 57% reduce 8%
15/06/26 08:21:31 INFO mapreduce.Job:  map 58% reduce 8%
15/06/26 08:25:54 INFO mapreduce.Job:  map 59% reduce 8%
15/06/26 08:29:45 INFO mapreduce.Job:  map 60% reduce 8%
15/06/26 08:34:45 INFO mapreduce.Job:  map 61% reduce 8%
15/06/26 08:35:47 INFO mapreduce.Job:  map 61% reduce 9%
15/06/26 08:38:29 INFO mapreduce.Job:  map 62% reduce 9%
15/06/26 08:43:15 INFO mapreduce.Job:  map 63% reduce 9%
15/06/26 08:47:12 INFO mapreduce.Job:  map 64% reduce 9%
15/06/26 08:50:44 INFO mapreduce.Job:  map 65% reduce 9%
15/06/26 08:52:31 INFO mapreduce.Job:  map 65% reduce 10%
15/06/26 08:53:25 INFO mapreduce.Job:  map 66% reduce 10%
15/06/26 08:53:36 INFO mapreduce.Job:  map 66% reduce 11%
15/06/26 08:54:35 INFO mapreduce.Job:  map 66% reduce 12%
15/06/26 08:55:22 INFO mapreduce.Job:  map 66% reduce 13%
15/06/26 08:55:26 INFO mapreduce.Job:  map 67% reduce 13%
15/06/26 08:56:05 INFO mapreduce.Job:  map 67% reduce 14%
15/06/26 08:56:43 INFO mapreduce.Job:  map 67% reduce 15%
15/06/26 08:57:12 INFO mapreduce.Job:  map 68% reduce 15%
15/06/26 08:57:29 INFO mapreduce.Job:  map 68% reduce 16%
15/06/26 08:58:13 INFO mapreduce.Job:  map 68% reduce 17%
15/06/26 08:59:00 INFO mapreduce.Job:  map 68% reduce 18%
15/06/26 08:59:03 INFO mapreduce.Job:  map 68% reduce 82%
15/06/26 08:59:04 INFO mapreduce.Job:  map 68% reduce 0%
15/06/26 08:59:35 INFO mapreduce.Job:  map 68% reduce 1%
15/06/26 09:00:10 INFO mapreduce.Job:  map 69% reduce 1%
15/06/26 09:00:23 INFO mapreduce.Job:  map 69% reduce 2%
15/06/26 09:01:07 INFO mapreduce.Job:  map 69% reduce 3%
15/06/26 09:01:52 INFO mapreduce.Job:  map 69% reduce 4%
15/06/26 09:02:33 INFO mapreduce.Job:  map 69% reduce 5%
15/06/26 09:03:12 INFO mapreduce.Job:  map 69% reduce 6%
15/06/26 09:03:52 INFO mapreduce.Job:  map 69% reduce 7%
15/06/26 09:04:29 INFO mapreduce.Job:  map 69% reduce 8%
15/06/26 09:04:30 INFO mapreduce.Job:  map 70% reduce 8%
15/06/26 09:05:03 INFO mapreduce.Job:  map 70% reduce 9%
15/06/26 09:06:15 INFO mapreduce.Job:  map 70% reduce 10%
15/06/26 09:08:10 INFO mapreduce.Job:  map 71% reduce 10%
15/06/26 09:11:55 INFO mapreduce.Job:  map 72% reduce 10%
15/06/26 09:16:11 INFO mapreduce.Job:  map 73% reduce 10%
15/06/26 09:19:47 INFO mapreduce.Job:  map 74% reduce 10%
15/06/26 09:23:41 INFO mapreduce.Job:  map 75% reduce 10%
15/06/26 09:25:34 INFO mapreduce.Job:  map 75% reduce 11%
15/06/26 09:27:00 INFO mapreduce.Job:  map 76% reduce 11%
15/06/26 09:30:16 INFO mapreduce.Job:  map 77% reduce 11%
15/06/26 09:34:11 INFO mapreduce.Job:  map 78% reduce 11%
15/06/26 09:37:13 INFO mapreduce.Job:  map 79% reduce 11%
15/06/26 09:40:05 INFO mapreduce.Job:  map 80% reduce 11%
15/06/26 09:43:34 INFO mapreduce.Job:  map 81% reduce 11%
15/06/26 09:46:45 INFO mapreduce.Job:  map 82% reduce 11%
15/06/26 09:48:45 INFO mapreduce.Job:  map 82% reduce 12%
15/06/26 09:49:42 INFO mapreduce.Job:  map 83% reduce 12%
15/06/26 09:51:17 INFO mapreduce.Job:  map 83% reduce 13%
15/06/26 09:51:51 INFO mapreduce.Job:  map 84% reduce 13%
15/06/26 09:52:14 INFO mapreduce.Job:  map 84% reduce 14%
15/06/26 09:53:06 INFO mapreduce.Job:  map 84% reduce 15%
15/06/26 09:53:41 INFO mapreduce.Job:  map 85% reduce 15%
15/06/26 09:53:53 INFO mapreduce.Job:  map 85% reduce 16%
15/06/26 09:54:36 INFO mapreduce.Job:  map 85% reduce 17%
15/06/26 09:55:17 INFO mapreduce.Job:  map 85% reduce 18%
15/06/26 09:55:21 INFO mapreduce.Job:  map 86% reduce 18%
15/06/26 09:55:57 INFO mapreduce.Job:  map 86% reduce 19%
15/06/26 09:56:31 INFO mapreduce.Job:  map 86% reduce 20%
15/06/26 09:57:03 INFO mapreduce.Job:  map 87% reduce 20%
15/06/26 09:57:06 INFO mapreduce.Job:  map 87% reduce 21%
15/06/26 09:57:48 INFO mapreduce.Job:  map 87% reduce 22%
15/06/26 09:58:33 INFO mapreduce.Job:  map 87% reduce 23%
15/06/26 09:59:15 INFO mapreduce.Job:  map 87% reduce 0%
15/06/26 09:59:38 INFO mapreduce.Job:  map 87% reduce 1%
15/06/26 10:00:17 INFO mapreduce.Job:  map 87% reduce 2%
15/06/26 10:00:40 INFO mapreduce.Job:  map 88% reduce 2%
15/06/26 10:00:55 INFO mapreduce.Job:  map 88% reduce 3%
15/06/26 10:01:27 INFO mapreduce.Job:  map 88% reduce 4%
15/06/26 10:02:00 INFO mapreduce.Job:  map 88% reduce 5%
15/06/26 10:02:30 INFO mapreduce.Job:  map 88% reduce 6%
15/06/26 10:02:46 INFO mapreduce.Job:  map 89% reduce 6%
15/06/26 10:03:02 INFO mapreduce.Job:  map 89% reduce 7%
15/06/26 10:03:31 INFO mapreduce.Job:  map 89% reduce 8%
15/06/26 10:04:01 INFO mapreduce.Job:  map 89% reduce 9%
15/06/26 10:04:26 INFO mapreduce.Job:  map 89% reduce 10%
15/06/26 10:04:51 INFO mapreduce.Job:  map 89% reduce 11%
15/06/26 10:05:01 INFO mapreduce.Job:  map 89% reduce 1%
15/06/26 10:05:02 INFO mapreduce.Job:  map 89% reduce 0%
15/06/26 10:05:33 INFO mapreduce.Job:  map 90% reduce 1%
15/06/26 10:06:14 INFO mapreduce.Job:  map 90% reduce 2%
15/06/26 10:06:54 INFO mapreduce.Job:  map 90% reduce 3%
15/06/26 10:07:40 INFO mapreduce.Job:  map 90% reduce 4%
15/06/26 10:08:22 INFO mapreduce.Job:  map 90% reduce 5%
15/06/26 10:09:06 INFO mapreduce.Job:  map 90% reduce 6%
15/06/26 10:09:07 INFO mapreduce.Job:  map 91% reduce 6%
15/06/26 10:09:45 INFO mapreduce.Job:  map 91% reduce 7%
15/06/26 10:10:21 INFO mapreduce.Job:  map 91% reduce 8%
15/06/26 10:10:58 INFO mapreduce.Job:  map 91% reduce 9%
15/06/26 10:11:27 INFO mapreduce.Job:  map 91% reduce 10%
15/06/26 10:11:57 INFO mapreduce.Job:  map 91% reduce 11%
15/06/26 10:12:29 INFO mapreduce.Job:  map 91% reduce 12%
15/06/26 10:13:11 INFO mapreduce.Job:  map 91% reduce 13%
15/06/26 10:13:26 INFO mapreduce.Job:  map 92% reduce 13%
15/06/26 10:16:59 INFO mapreduce.Job:  map 93% reduce 13%
15/06/26 10:20:03 INFO mapreduce.Job:  map 94% reduce 13%
15/06/26 10:22:37 INFO mapreduce.Job:  map 94% reduce 14%
15/06/26 10:23:35 INFO mapreduce.Job:  map 95% reduce 14%
15/06/26 10:26:38 INFO mapreduce.Job:  map 96% reduce 14%
15/06/26 10:29:26 INFO mapreduce.Job:  map 97% reduce 14%
15/06/26 10:32:33 INFO mapreduce.Job:  map 98% reduce 14%
15/06/26 10:35:51 INFO mapreduce.Job:  map 99% reduce 14%
15/06/26 10:38:27 INFO mapreduce.Job:  map 100% reduce 14%
15/06/26 10:39:44 INFO mapreduce.Job:  map 100% reduce 15%
15/06/26 10:39:59 INFO mapreduce.Job:  map 100% reduce 16%
15/06/26 10:40:00 INFO mapreduce.Job:  map 100% reduce 20%
15/06/26 10:40:01 INFO mapreduce.Job:  map 100% reduce 23%
15/06/26 10:40:02 INFO mapreduce.Job:  map 100% reduce 25%
15/06/26 10:40:03 INFO mapreduce.Job:  map 100% reduce 28%
15/06/26 10:40:04 INFO mapreduce.Job:  map 100% reduce 29%
15/06/26 10:40:12 INFO mapreduce.Job:  map 100% reduce 30%
15/06/26 10:40:52 INFO mapreduce.Job:  map 100% reduce 31%
15/06/26 10:41:29 INFO mapreduce.Job:  map 100% reduce 32%
15/06/26 10:42:03 INFO mapreduce.Job:  map 100% reduce 33%
15/06/26 10:42:35 INFO mapreduce.Job:  map 100% reduce 34%
15/06/26 10:43:05 INFO mapreduce.Job:  map 100% reduce 35%
15/06/26 10:43:35 INFO mapreduce.Job:  map 100% reduce 36%
15/06/26 10:44:02 INFO mapreduce.Job:  map 100% reduce 37%
15/06/26 10:44:30 INFO mapreduce.Job:  map 100% reduce 38%
15/06/26 10:44:58 INFO mapreduce.Job:  map 100% reduce 39%
15/06/26 10:45:25 INFO mapreduce.Job:  map 100% reduce 40%
15/06/26 10:45:52 INFO mapreduce.Job:  map 100% reduce 41%
15/06/26 10:46:20 INFO mapreduce.Job:  map 100% reduce 42%
15/06/26 10:46:43 INFO mapreduce.Job:  map 100% reduce 43%
15/06/26 10:47:04 INFO mapreduce.Job:  map 100% reduce 44%
15/06/26 10:47:28 INFO mapreduce.Job:  map 100% reduce 45%
15/06/26 10:47:54 INFO mapreduce.Job:  map 100% reduce 46%
15/06/26 10:48:21 INFO mapreduce.Job:  map 100% reduce 47%
15/06/26 10:48:57 INFO mapreduce.Job:  map 100% reduce 48%
15/06/26 10:49:32 INFO mapreduce.Job:  map 100% reduce 49%
15/06/26 10:49:33 INFO mapreduce.Job:  map 100% reduce 50%
15/06/26 10:49:35 INFO mapreduce.Job:  map 100% reduce 53%
15/06/26 10:49:36 INFO mapreduce.Job:  map 100% reduce 54%
15/06/26 10:49:37 INFO mapreduce.Job:  map 100% reduce 56%
15/06/26 10:49:38 INFO mapreduce.Job:  map 100% reduce 57%
15/06/26 10:49:40 INFO mapreduce.Job:  map 100% reduce 58%
15/06/26 10:49:44 INFO mapreduce.Job:  map 100% reduce 59%
15/06/26 10:49:47 INFO mapreduce.Job:  map 100% reduce 60%
15/06/26 10:49:59 INFO mapreduce.Job:  map 100% reduce 61%
15/06/26 10:50:06 INFO mapreduce.Job:  map 100% reduce 62%
15/06/26 10:50:14 INFO mapreduce.Job:  map 100% reduce 63%
15/06/26 10:50:42 INFO mapreduce.Job:  map 100% reduce 64%
15/06/26 10:51:17 INFO mapreduce.Job:  map 100% reduce 65%
15/06/26 10:51:26 INFO mapreduce.Job:  map 100% reduce 66%
15/06/26 10:51:59 INFO mapreduce.Job:  map 100% reduce 67%
15/06/26 10:52:36 INFO mapreduce.Job:  map 100% reduce 68%
15/06/26 10:53:38 INFO mapreduce.Job:  map 100% reduce 69%
15/06/26 10:54:07 INFO mapreduce.Job:  map 100% reduce 70%
15/06/26 10:54:35 INFO mapreduce.Job:  map 100% reduce 71%
15/06/26 10:55:04 INFO mapreduce.Job:  map 100% reduce 72%
15/06/26 10:56:04 INFO mapreduce.Job:  map 100% reduce 73%
15/06/26 10:57:34 INFO mapreduce.Job:  map 100% reduce 74%
15/06/26 10:59:14 INFO mapreduce.Job:  map 100% reduce 75%
15/06/26 11:01:09 INFO mapreduce.Job:  map 100% reduce 76%
15/06/26 11:02:53 INFO mapreduce.Job:  map 100% reduce 77%
15/06/26 11:04:37 INFO mapreduce.Job:  map 100% reduce 78%
15/06/26 11:06:27 INFO mapreduce.Job:  map 100% reduce 79%
15/06/26 11:08:21 INFO mapreduce.Job:  map 100% reduce 80%
15/06/26 11:10:16 INFO mapreduce.Job:  map 100% reduce 81%
15/06/26 11:12:12 INFO mapreduce.Job:  map 100% reduce 82%
15/06/26 11:14:02 INFO mapreduce.Job:  map 100% reduce 83%
15/06/26 11:15:49 INFO mapreduce.Job:  map 100% reduce 84%
15/06/26 11:17:37 INFO mapreduce.Job:  map 100% reduce 85%
15/06/26 11:19:29 INFO mapreduce.Job:  map 100% reduce 86%
15/06/26 11:21:30 INFO mapreduce.Job:  map 100% reduce 87%
15/06/26 11:23:18 INFO mapreduce.Job:  map 100% reduce 88%
15/06/26 11:25:17 INFO mapreduce.Job:  map 100% reduce 89%
15/06/26 11:27:21 INFO mapreduce.Job:  map 100% reduce 90%
15/06/26 11:29:34 INFO mapreduce.Job:  map 100% reduce 91%
15/06/26 11:31:57 INFO mapreduce.Job:  map 100% reduce 92%
15/06/26 11:34:22 INFO mapreduce.Job:  map 100% reduce 93%
15/06/26 11:37:06 INFO mapreduce.Job:  map 100% reduce 94%
15/06/26 11:40:11 INFO mapreduce.Job:  map 100% reduce 95%
15/06/26 11:41:15 INFO mapreduce.Job: Task Id : attempt_1434651818028_14061_r_000062_3, Status : FAILED
Error: Java heap space
15/06/26 11:41:16 INFO mapreduce.Job:  map 100% reduce 94%
15/06/26 11:42:28 INFO mapreduce.Job:  map 100% reduce 95%
15/06/26 11:45:54 INFO mapreduce.Job:  map 100% reduce 96%
15/06/26 11:49:56 INFO mapreduce.Job:  map 100% reduce 97%
15/06/26 11:54:11 INFO mapreduce.Job:  map 100% reduce 98%
15/06/26 12:04:10 INFO mapreduce.Job:  map 100% reduce 99%
15/06/26 12:24:57 INFO mapreduce.Job: Task Id : attempt_1434651818028_14061_r_000062_4, Status : FAILED
Error: Java heap space
15/06/26 12:39:48 INFO mapreduce.Job:  map 100% reduce 100%
15/06/26 13:22:09 INFO mapreduce.Job: Task Id : attempt_1434651818028_14061_r_000062_5, Status : FAILED
Error: Java heap space
15/06/26 13:22:10 INFO mapreduce.Job:  map 100% reduce 99%
15/06/26 13:31:26 INFO mapreduce.Job:  map 100% reduce 100%
15/06/26 14:15:21 INFO mapreduce.Job: Job job_1434651818028_14061 failed with state FAILED due to: Task failed task_1434651818028_14061_r_000062
Job failed as tasks failed. failedMaps:0 failedReduces:1

15/06/26 14:15:21 INFO mapreduce.Job: Counters: 69
	File System Counters
		FILE: Number of bytes read=940537207229
		FILE: Number of bytes written=1890199067544
		FILE: Number of read operations=0
		FILE: Number of large read operations=0
		FILE: Number of write operations=0
		HDFS: Number of bytes read=5926684919815
		HDFS: Number of bytes written=390555037193
		HDFS: Number of read operations=242337
		HDFS: Number of large read operations=0
		HDFS: Number of write operations=4059
	Job Counters 
		Failed reduce tasks=4
		Killed map tasks=1
		Killed reduce tasks=400
		Launched map tasks=47617
		Launched reduce tasks=503
		Other local map tasks=45
		Data-local map tasks=46358
		Rack-local map tasks=1214
		Total time spent by all maps in occupied slots (ms)=0
		Total time spent by all reduces in occupied slots (ms)=0
		Total time spent by all map tasks (ms)=1905237807
		Total time spent by all reduce tasks (ms)=1228857669
		Total vcore-seconds taken by all map tasks=1905237807
		Total vcore-seconds taken by all reduce tasks=1228857669
		Total megabyte-seconds taken by all map tasks=3901927028736
		Total megabyte-seconds taken by all reduce tasks=5033401012224
	Map-Reduce Framework
		Map input records=67346176427
		Map output records=1601162584
		Map output bytes=936244031844
		Map output materialized bytes=943746645276
		Input split bytes=7537802
		Combine input records=0
		Combine output records=0
		Reduce input groups=337599282
		Reduce shuffle bytes=933094161428
		Reduce input records=1582702685
		Reduce output records=0
		Spilled Records=3196840712
		Shuffled Maps =4713984
		Failed Shuffles=0
		Merged Map outputs=4713984
		GC time elapsed (ms)=335538850
		CPU time spent (ms)=3731454860
		Physical memory (bytes) snapshot=73351526023168
		Virtual memory (bytes) snapshot=117894055600128
		Total committed heap usage (bytes)=66407137017856
	Shuffle Errors
		BAD_ID=0
		CONNECTION=0
		IO_ERROR=0
		WRONG_LENGTH=0
		WRONG_MAP=0
		WRONG_REDUCE=0
	File Input Format Counters 
		Bytes Read=5913894656156
	File Output Format Counters 
		Bytes Written=0
	org.wikimedia.west1.traces.GroupAndFilterMapper$HADOOP_COUNTERS
		MAP_OK_REQUEST=1601162584
		MAP_SKIPPED_BAD_HOST=60638169748
		MAP_SKIPPED_BAD_HTTP_STATUS=37993828
		MAP_SKIPPED_BAD_PATH=4259222280
		MAP_SKIPPED_BOT=675750791
		MAP_SKIPPED_SPECIAL_PAGE=133877196
	org.wikimedia.west1.traces.TreeExtractorReducer$HADOOP_COUNTERS
		REDUCE_MSEC_EVENT_CONSTRUCTOR=32173856
		REDUCE_OK_TREE=968380177
		REDUCE_REDIRECT_RESOLVED=48222040
		REDUCE_SKIPPED_WIKIMEDIA_REFERER_IN_ROOT=53769539
		REDUCE_STACKOVERFLOW=13494
		REDUCE_TOO_MANY_EVENTS=2121
	parquet
		bytesread=5913800719589
		bytestotal=6729171928164
		timeread=68210341
Jun 26, 2015 5:01:39 AM INFO: parquet.hadoop.ParquetInputFormat: Total input paths to process : 47616
