15/06/28 23:21:55 INFO input.FileInputFormat: Total input paths to process : 43008
15/06/28 23:22:41 INFO mapreduce.JobSubmitter: number of splits:43008
15/06/28 23:22:41 INFO mapreduce.JobSubmitter: Submitting tokens for job: job_1434651818028_24369
15/06/28 23:22:42 INFO impl.YarnClientImpl: Submitted application application_1434651818028_24369
15/06/28 23:22:42 INFO mapreduce.Job: The url to track the job: http://analytics1001.eqiad.wmnet:8088/proxy/application_1434651818028_24369/
15/06/28 23:22:42 INFO mapreduce.Job: Running job: job_1434651818028_24369
15/06/28 23:22:51 INFO mapreduce.Job: Job job_1434651818028_24369 running in uber mode : false
15/06/28 23:22:51 INFO mapreduce.Job:  map 0% reduce 0%
15/06/28 23:26:21 INFO mapreduce.Job:  map 1% reduce 0%
15/06/28 23:30:59 INFO mapreduce.Job:  map 2% reduce 0%
15/06/28 23:34:50 INFO mapreduce.Job:  map 3% reduce 0%
15/06/28 23:36:53 INFO mapreduce.Job:  map 4% reduce 0%
15/06/28 23:39:03 INFO mapreduce.Job:  map 5% reduce 0%
15/06/28 23:42:27 INFO mapreduce.Job:  map 6% reduce 0%
15/06/28 23:44:50 INFO mapreduce.Job:  map 7% reduce 0%
15/06/28 23:46:49 INFO mapreduce.Job:  map 8% reduce 0%
15/06/28 23:48:49 INFO mapreduce.Job:  map 9% reduce 0%
15/06/28 23:50:52 INFO mapreduce.Job:  map 10% reduce 0%
15/06/28 23:51:30 INFO mapreduce.Job:  map 10% reduce 1%
15/06/28 23:53:09 INFO mapreduce.Job:  map 11% reduce 1%
15/06/28 23:55:22 INFO mapreduce.Job:  map 12% reduce 1%
15/06/28 23:57:21 INFO mapreduce.Job:  map 13% reduce 1%
15/06/28 23:59:22 INFO mapreduce.Job:  map 14% reduce 1%
15/06/29 00:01:24 INFO mapreduce.Job:  map 15% reduce 1%
15/06/29 00:03:38 INFO mapreduce.Job:  map 16% reduce 1%
15/06/29 00:07:55 INFO mapreduce.Job:  map 17% reduce 1%
15/06/29 00:13:10 INFO mapreduce.Job:  map 17% reduce 2%
15/06/29 00:13:59 INFO mapreduce.Job:  map 18% reduce 2%
15/06/29 00:18:46 INFO mapreduce.Job:  map 19% reduce 2%
15/06/29 00:23:48 INFO mapreduce.Job:  map 20% reduce 2%
15/06/29 00:28:36 INFO mapreduce.Job:  map 21% reduce 2%
15/06/29 00:33:45 INFO mapreduce.Job:  map 22% reduce 2%
15/06/29 00:38:07 INFO mapreduce.Job:  map 23% reduce 2%
15/06/29 00:42:49 INFO mapreduce.Job:  map 24% reduce 2%
15/06/29 00:45:58 INFO mapreduce.Job:  map 25% reduce 2%
15/06/29 00:47:59 INFO mapreduce.Job:  map 25% reduce 3%
15/06/29 00:48:41 INFO mapreduce.Job:  map 26% reduce 3%
15/06/29 00:51:35 INFO mapreduce.Job:  map 27% reduce 3%
15/06/29 00:52:09 INFO mapreduce.Job:  map 27% reduce 4%
15/06/29 00:53:59 INFO mapreduce.Job:  map 28% reduce 4%
15/06/29 00:57:17 INFO mapreduce.Job:  map 29% reduce 4%
15/06/29 00:58:31 INFO mapreduce.Job:  map 29% reduce 5%
15/06/29 00:59:38 INFO mapreduce.Job:  map 30% reduce 5%
15/06/29 01:01:45 INFO mapreduce.Job:  map 30% reduce 6%
15/06/29 01:01:46 INFO mapreduce.Job:  map 31% reduce 6%
15/06/29 01:04:20 INFO mapreduce.Job:  map 32% reduce 6%
15/06/29 01:13:17 INFO mapreduce.Job:  map 32% reduce 3%
15/06/29 01:13:18 INFO mapreduce.Job:  map 32% reduce 0%
15/06/29 01:13:37 INFO mapreduce.Job:  map 33% reduce 0%
15/06/29 01:14:45 INFO mapreduce.Job:  map 33% reduce 1%
15/06/29 01:16:54 INFO mapreduce.Job:  map 33% reduce 2%
15/06/29 01:19:25 INFO mapreduce.Job:  map 33% reduce 3%
15/06/29 01:19:30 INFO mapreduce.Job:  map 34% reduce 3%
15/06/29 01:24:41 INFO mapreduce.Job:  map 35% reduce 3%
15/06/29 01:29:10 INFO mapreduce.Job:  map 36% reduce 3%
15/06/29 01:34:07 INFO mapreduce.Job:  map 37% reduce 3%
15/06/29 01:36:30 INFO mapreduce.Job:  map 37% reduce 4%
15/06/29 01:38:07 INFO mapreduce.Job:  map 38% reduce 4%
15/06/29 01:38:43 INFO mapreduce.Job:  map 38% reduce 5%
15/06/29 01:40:12 INFO mapreduce.Job:  map 38% reduce 6%
15/06/29 01:40:47 INFO mapreduce.Job:  map 39% reduce 6%
15/06/29 01:41:28 INFO mapreduce.Job:  map 39% reduce 7%
15/06/29 01:42:47 INFO mapreduce.Job:  map 39% reduce 8%
15/06/29 01:43:18 INFO mapreduce.Job:  map 40% reduce 8%
15/06/29 01:44:16 INFO mapreduce.Job:  map 40% reduce 9%
15/06/29 01:45:40 INFO mapreduce.Job:  map 41% reduce 9%
15/06/29 01:46:09 INFO mapreduce.Job:  map 41% reduce 10%
15/06/29 01:52:26 INFO mapreduce.Job:  map 41% reduce 5%
15/06/29 01:52:27 INFO mapreduce.Job:  map 41% reduce 1%
15/06/29 01:53:50 INFO mapreduce.Job:  map 41% reduce 2%
15/06/29 01:54:57 INFO mapreduce.Job:  map 42% reduce 2%
15/06/29 01:55:00 INFO mapreduce.Job:  map 42% reduce 3%
15/06/29 01:56:06 INFO mapreduce.Job:  map 42% reduce 4%
15/06/29 01:57:06 INFO mapreduce.Job:  map 42% reduce 5%
15/06/29 01:57:18 INFO mapreduce.Job:  map 43% reduce 5%
15/06/29 01:58:04 INFO mapreduce.Job:  map 43% reduce 6%
15/06/29 01:59:01 INFO mapreduce.Job:  map 43% reduce 7%
15/06/29 01:59:44 INFO mapreduce.Job:  map 44% reduce 7%
15/06/29 01:59:59 INFO mapreduce.Job:  map 44% reduce 8%
15/06/29 02:00:59 INFO mapreduce.Job:  map 44% reduce 9%
15/06/29 02:02:05 INFO mapreduce.Job:  map 44% reduce 10%
15/06/29 02:02:14 INFO mapreduce.Job:  map 45% reduce 10%
15/06/29 02:03:23 INFO mapreduce.Job:  map 45% reduce 11%
15/06/29 02:05:00 INFO mapreduce.Job:  map 45% reduce 12%
15/06/29 02:05:58 INFO mapreduce.Job:  map 46% reduce 12%
15/06/29 02:07:33 INFO mapreduce.Job:  map 46% reduce 77%
15/06/29 02:07:34 INFO mapreduce.Job:  map 46% reduce 0%
15/06/29 02:08:34 INFO mapreduce.Job:  map 46% reduce 1%
15/06/29 02:10:02 INFO mapreduce.Job:  map 46% reduce 2%
15/06/29 02:11:27 INFO mapreduce.Job:  map 46% reduce 3%
15/06/29 02:12:49 INFO mapreduce.Job:  map 46% reduce 4%
15/06/29 02:13:19 INFO mapreduce.Job:  map 47% reduce 4%
15/06/29 02:14:14 INFO mapreduce.Job:  map 47% reduce 5%
15/06/29 02:16:53 INFO mapreduce.Job:  map 47% reduce 6%
15/06/29 02:19:21 INFO mapreduce.Job:  map 48% reduce 6%
15/06/29 02:25:13 INFO mapreduce.Job:  map 49% reduce 6%
15/06/29 02:30:16 INFO mapreduce.Job:  map 50% reduce 6%
15/06/29 02:34:53 INFO mapreduce.Job:  map 50% reduce 7%
15/06/29 02:36:20 INFO mapreduce.Job:  map 51% reduce 7%
15/06/29 02:40:37 INFO mapreduce.Job:  map 51% reduce 8%
15/06/29 02:40:58 INFO mapreduce.Job:  map 52% reduce 8%
15/06/29 02:42:13 INFO mapreduce.Job:  map 52% reduce 9%
15/06/29 02:43:25 INFO mapreduce.Job:  map 52% reduce 10%
15/06/29 02:43:54 INFO mapreduce.Job:  map 53% reduce 10%
15/06/29 02:44:33 INFO mapreduce.Job:  map 53% reduce 11%
15/06/29 02:45:37 INFO mapreduce.Job:  map 53% reduce 12%
15/06/29 02:46:22 INFO mapreduce.Job:  map 54% reduce 12%
15/06/29 02:46:37 INFO mapreduce.Job:  map 54% reduce 13%
15/06/29 02:47:41 INFO mapreduce.Job:  map 54% reduce 14%
15/06/29 02:48:50 INFO mapreduce.Job:  map 54% reduce 15%
15/06/29 02:50:02 INFO mapreduce.Job:  map 54% reduce 16%
15/06/29 02:51:23 INFO mapreduce.Job:  map 54% reduce 81%
15/06/29 02:51:24 INFO mapreduce.Job:  map 54% reduce 1%
15/06/29 02:51:25 INFO mapreduce.Job:  map 54% reduce 0%
15/06/29 02:52:16 INFO mapreduce.Job:  map 54% reduce 1%
15/06/29 02:54:11 INFO mapreduce.Job:  map 54% reduce 2%
15/06/29 02:54:32 INFO mapreduce.Job:  map 55% reduce 2%
15/06/29 02:55:57 INFO mapreduce.Job:  map 55% reduce 3%
15/06/29 02:57:33 INFO mapreduce.Job:  map 55% reduce 4%
15/06/29 02:59:06 INFO mapreduce.Job:  map 55% reduce 5%
15/06/29 03:00:38 INFO mapreduce.Job:  map 55% reduce 6%
15/06/29 03:02:48 INFO mapreduce.Job:  map 55% reduce 7%
15/06/29 03:02:57 INFO mapreduce.Job:  map 56% reduce 7%
15/06/29 03:04:14 INFO mapreduce.Job:  map 56% reduce 8%
15/06/29 03:05:28 INFO mapreduce.Job:  map 56% reduce 9%
15/06/29 03:06:04 INFO mapreduce.Job:  map 56% reduce 49%
15/06/29 03:06:05 INFO mapreduce.Job:  map 56% reduce 0%
15/06/29 03:06:52 INFO mapreduce.Job:  map 56% reduce 1%
15/06/29 03:07:56 INFO mapreduce.Job:  map 56% reduce 2%
15/06/29 03:08:16 INFO mapreduce.Job:  map 57% reduce 2%
15/06/29 03:08:19 INFO mapreduce.Job:  map 57% reduce 5%
15/06/29 03:08:20 INFO mapreduce.Job:  map 57% reduce 0%
15/06/29 03:09:24 INFO mapreduce.Job:  map 57% reduce 1%
15/06/29 03:10:58 INFO mapreduce.Job:  map 57% reduce 2%
15/06/29 03:12:25 INFO mapreduce.Job:  map 57% reduce 3%
15/06/29 03:13:46 INFO mapreduce.Job:  map 57% reduce 4%
15/06/29 03:15:06 INFO mapreduce.Job:  map 57% reduce 5%
15/06/29 03:16:23 INFO mapreduce.Job:  map 57% reduce 6%
15/06/29 03:16:45 INFO mapreduce.Job:  map 58% reduce 6%
15/06/29 03:17:46 INFO mapreduce.Job:  map 58% reduce 7%
15/06/29 03:21:11 INFO mapreduce.Job:  map 58% reduce 8%
15/06/29 03:22:31 INFO mapreduce.Job:  map 59% reduce 8%
15/06/29 03:27:27 INFO mapreduce.Job:  map 60% reduce 8%
15/06/29 03:33:29 INFO mapreduce.Job:  map 61% reduce 8%
15/06/29 03:38:33 INFO mapreduce.Job:  map 62% reduce 8%
15/06/29 03:38:51 INFO mapreduce.Job:  map 62% reduce 9%
15/06/29 03:40:41 INFO mapreduce.Job:  map 62% reduce 10%
15/06/29 03:41:46 INFO mapreduce.Job:  map 63% reduce 10%
15/06/29 03:42:00 INFO mapreduce.Job:  map 63% reduce 11%
15/06/29 03:43:10 INFO mapreduce.Job:  map 63% reduce 12%
15/06/29 03:44:21 INFO mapreduce.Job:  map 63% reduce 13%
15/06/29 03:44:26 INFO mapreduce.Job:  map 64% reduce 13%
15/06/29 03:45:25 INFO mapreduce.Job:  map 64% reduce 14%
15/06/29 03:46:28 INFO mapreduce.Job:  map 64% reduce 15%
15/06/29 03:47:34 INFO mapreduce.Job:  map 64% reduce 16%
15/06/29 03:47:53 INFO mapreduce.Job:  map 64% reduce 13%
15/06/29 03:47:54 INFO mapreduce.Job:  map 64% reduce 6%
15/06/29 03:47:55 INFO mapreduce.Job:  map 64% reduce 1%
15/06/29 03:48:30 INFO mapreduce.Job:  map 64% reduce 2%
15/06/29 03:49:14 INFO mapreduce.Job:  map 65% reduce 2%
15/06/29 03:50:09 INFO mapreduce.Job:  map 65% reduce 3%
15/06/29 03:51:26 INFO mapreduce.Job:  map 65% reduce 4%
15/06/29 03:52:18 INFO mapreduce.Job:  map 66% reduce 4%
15/06/29 03:52:38 INFO mapreduce.Job:  map 66% reduce 5%
15/06/29 03:53:50 INFO mapreduce.Job:  map 66% reduce 6%
15/06/29 03:54:58 INFO mapreduce.Job:  map 67% reduce 7%
15/06/29 03:56:03 INFO mapreduce.Job:  map 67% reduce 8%
15/06/29 03:57:04 INFO mapreduce.Job:  map 67% reduce 9%
15/06/29 03:57:21 INFO mapreduce.Job:  map 68% reduce 9%
15/06/29 03:58:06 INFO mapreduce.Job:  map 68% reduce 10%
15/06/29 03:59:08 INFO mapreduce.Job:  map 68% reduce 11%
15/06/29 03:59:40 INFO mapreduce.Job:  map 69% reduce 11%
15/06/29 04:00:07 INFO mapreduce.Job:  map 69% reduce 12%
15/06/29 04:01:07 INFO mapreduce.Job:  map 69% reduce 13%
15/06/29 04:02:12 INFO mapreduce.Job:  map 69% reduce 14%
15/06/29 04:02:36 INFO mapreduce.Job:  map 70% reduce 14%
15/06/29 04:03:19 INFO mapreduce.Job:  map 70% reduce 15%
15/06/29 04:04:28 INFO mapreduce.Job:  map 70% reduce 16%
15/06/29 04:05:40 INFO mapreduce.Job:  map 70% reduce 17%
15/06/29 04:06:20 INFO mapreduce.Job:  map 70% reduce 44%
15/06/29 04:06:23 INFO mapreduce.Job:  map 70% reduce 0%
15/06/29 04:07:32 INFO mapreduce.Job:  map 70% reduce 1%
15/06/29 04:07:41 INFO mapreduce.Job:  map 71% reduce 1%
15/06/29 04:09:21 INFO mapreduce.Job:  map 71% reduce 2%
15/06/29 04:11:01 INFO mapreduce.Job:  map 71% reduce 3%
15/06/29 04:12:35 INFO mapreduce.Job:  map 71% reduce 4%
15/06/29 04:14:05 INFO mapreduce.Job:  map 71% reduce 5%
15/06/29 04:15:34 INFO mapreduce.Job:  map 71% reduce 6%
15/06/29 04:16:25 INFO mapreduce.Job:  map 72% reduce 6%
15/06/29 04:17:03 INFO mapreduce.Job:  map 72% reduce 7%
15/06/29 04:18:53 INFO mapreduce.Job:  map 72% reduce 8%
15/06/29 04:21:14 INFO mapreduce.Job:  map 72% reduce 9%
15/06/29 04:23:37 INFO mapreduce.Job:  map 73% reduce 9%
15/06/29 04:29:46 INFO mapreduce.Job:  map 74% reduce 9%
15/06/29 04:36:01 INFO mapreduce.Job:  map 75% reduce 9%
15/06/29 04:39:02 INFO mapreduce.Job:  map 75% reduce 10%
15/06/29 04:41:43 INFO mapreduce.Job:  map 76% reduce 10%
15/06/29 04:43:24 INFO mapreduce.Job:  map 76% reduce 11%
15/06/29 04:44:33 INFO mapreduce.Job:  map 77% reduce 11%
15/06/29 04:44:41 INFO mapreduce.Job:  map 77% reduce 12%
15/06/29 04:45:49 INFO mapreduce.Job:  map 77% reduce 13%
15/06/29 04:46:53 INFO mapreduce.Job:  map 78% reduce 13%
15/06/29 04:46:54 INFO mapreduce.Job:  map 78% reduce 14%
15/06/29 04:47:54 INFO mapreduce.Job:  map 78% reduce 15%
15/06/29 04:48:55 INFO mapreduce.Job:  map 78% reduce 16%
15/06/29 04:49:10 INFO mapreduce.Job:  map 79% reduce 16%
15/06/29 04:49:57 INFO mapreduce.Job:  map 79% reduce 17%
15/06/29 04:50:06 INFO mapreduce.Job:  map 79% reduce 2%
15/06/29 04:50:07 INFO mapreduce.Job:  map 79% reduce 0%
15/06/29 04:51:11 INFO mapreduce.Job:  map 79% reduce 1%
15/06/29 04:52:51 INFO mapreduce.Job:  map 79% reduce 2%
15/06/29 04:54:02 INFO mapreduce.Job:  map 79% reduce 3%
15/06/29 04:55:05 INFO mapreduce.Job:  map 80% reduce 4%
15/06/29 04:56:04 INFO mapreduce.Job:  map 80% reduce 5%
15/06/29 04:57:00 INFO mapreduce.Job:  map 80% reduce 6%
15/06/29 04:57:56 INFO mapreduce.Job:  map 81% reduce 7%
15/06/29 04:58:51 INFO mapreduce.Job:  map 81% reduce 8%
15/06/29 04:59:46 INFO mapreduce.Job:  map 81% reduce 9%
15/06/29 05:00:41 INFO mapreduce.Job:  map 81% reduce 10%
15/06/29 05:00:43 INFO mapreduce.Job:  map 82% reduce 10%
15/06/29 05:01:35 INFO mapreduce.Job:  map 82% reduce 11%
15/06/29 05:02:33 INFO mapreduce.Job:  map 82% reduce 12%
15/06/29 05:03:27 INFO mapreduce.Job:  map 82% reduce 13%
15/06/29 05:04:24 INFO mapreduce.Job:  map 82% reduce 14%
15/06/29 05:04:25 INFO mapreduce.Job:  map 83% reduce 14%
15/06/29 05:05:23 INFO mapreduce.Job:  map 83% reduce 15%
15/06/29 05:06:20 INFO mapreduce.Job:  map 83% reduce 16%
15/06/29 05:07:22 INFO mapreduce.Job:  map 83% reduce 17%
15/06/29 05:07:45 INFO mapreduce.Job:  map 83% reduce 62%
15/06/29 05:07:46 INFO mapreduce.Job:  map 83% reduce 1%
15/06/29 05:07:47 INFO mapreduce.Job:  map 83% reduce 0%
15/06/29 05:08:48 INFO mapreduce.Job:  map 83% reduce 1%
15/06/29 05:10:26 INFO mapreduce.Job:  map 83% reduce 2%
15/06/29 05:11:52 INFO mapreduce.Job:  map 83% reduce 3%
15/06/29 05:13:18 INFO mapreduce.Job:  map 83% reduce 4%
15/06/29 05:14:37 INFO mapreduce.Job:  map 83% reduce 5%
15/06/29 05:15:03 INFO mapreduce.Job:  map 84% reduce 5%
15/06/29 05:15:54 INFO mapreduce.Job:  map 84% reduce 6%
15/06/29 05:17:09 INFO mapreduce.Job:  map 84% reduce 7%
15/06/29 05:18:25 INFO mapreduce.Job:  map 84% reduce 8%
15/06/29 05:19:49 INFO mapreduce.Job:  map 84% reduce 9%
15/06/29 05:21:32 INFO mapreduce.Job:  map 84% reduce 10%
15/06/29 05:22:17 INFO mapreduce.Job:  map 85% reduce 10%
15/06/29 05:28:44 INFO mapreduce.Job:  map 86% reduce 10%
15/06/29 05:33:28 INFO mapreduce.Job:  map 86% reduce 11%
15/06/29 05:35:41 INFO mapreduce.Job:  map 87% reduce 11%
15/06/29 05:41:48 INFO mapreduce.Job:  map 88% reduce 11%
15/06/29 05:47:12 INFO mapreduce.Job:  map 88% reduce 12%
15/06/29 05:47:23 INFO mapreduce.Job:  map 89% reduce 12%
15/06/29 05:48:46 INFO mapreduce.Job:  map 89% reduce 13%
15/06/29 05:50:07 INFO mapreduce.Job:  map 89% reduce 14%
15/06/29 05:50:15 INFO mapreduce.Job:  map 90% reduce 14%
15/06/29 05:51:12 INFO mapreduce.Job:  map 90% reduce 15%
15/06/29 05:52:17 INFO mapreduce.Job:  map 90% reduce 16%
15/06/29 05:52:46 INFO mapreduce.Job:  map 91% reduce 16%
15/06/29 05:53:22 INFO mapreduce.Job:  map 91% reduce 17%
15/06/29 05:54:26 INFO mapreduce.Job:  map 91% reduce 18%
15/06/29 05:55:29 INFO mapreduce.Job:  map 91% reduce 19%
15/06/29 05:56:27 INFO mapreduce.Job:  map 91% reduce 20%
15/06/29 05:57:27 INFO mapreduce.Job:  map 91% reduce 21%
15/06/29 05:58:31 INFO mapreduce.Job:  map 91% reduce 22%
15/06/29 05:58:33 INFO mapreduce.Job:  map 91% reduce 86%
15/06/29 05:58:34 INFO mapreduce.Job:  map 91% reduce 6%
15/06/29 05:58:35 INFO mapreduce.Job:  map 91% reduce 0%
15/06/29 05:59:06 INFO mapreduce.Job:  map 91% reduce 1%
15/06/29 05:59:33 INFO mapreduce.Job:  map 92% reduce 1%
15/06/29 06:00:50 INFO mapreduce.Job:  map 92% reduce 2%
15/06/29 06:02:29 INFO mapreduce.Job:  map 92% reduce 3%
15/06/29 06:04:02 INFO mapreduce.Job:  map 92% reduce 4%
15/06/29 06:05:28 INFO mapreduce.Job:  map 92% reduce 5%
15/06/29 06:06:34 INFO mapreduce.Job:  map 93% reduce 5%
15/06/29 06:06:38 INFO mapreduce.Job:  map 93% reduce 6%
15/06/29 06:07:46 INFO mapreduce.Job:  map 93% reduce 7%
15/06/29 06:08:59 INFO mapreduce.Job:  map 93% reduce 8%
15/06/29 06:10:17 INFO mapreduce.Job:  map 93% reduce 9%
15/06/29 06:11:35 INFO mapreduce.Job:  map 93% reduce 10%
15/06/29 06:12:23 INFO mapreduce.Job:  map 94% reduce 10%
15/06/29 06:13:03 INFO mapreduce.Job:  map 94% reduce 11%
15/06/29 06:14:42 INFO mapreduce.Job:  map 94% reduce 12%
15/06/29 06:18:12 INFO mapreduce.Job:  map 95% reduce 12%
15/06/29 06:20:46 INFO mapreduce.Job:  map 95% reduce 13%
15/06/29 06:23:48 INFO mapreduce.Job:  map 96% reduce 13%
15/06/29 06:28:28 INFO mapreduce.Job:  map 97% reduce 13%
15/06/29 06:34:24 INFO mapreduce.Job:  map 98% reduce 13%
15/06/29 06:38:16 INFO mapreduce.Job:  map 99% reduce 13%
15/06/29 06:38:26 INFO mapreduce.Job:  map 99% reduce 14%
15/06/29 06:40:04 INFO mapreduce.Job:  map 99% reduce 15%
15/06/29 06:40:42 INFO mapreduce.Job:  map 100% reduce 15%
15/06/29 06:41:46 INFO mapreduce.Job:  map 100% reduce 16%
15/06/29 06:42:51 INFO mapreduce.Job:  map 100% reduce 17%
15/06/29 06:42:52 INFO mapreduce.Job:  map 100% reduce 18%
15/06/29 06:42:54 INFO mapreduce.Job:  map 100% reduce 19%
15/06/29 06:42:55 INFO mapreduce.Job:  map 100% reduce 20%
15/06/29 06:43:02 INFO mapreduce.Job:  map 100% reduce 21%
15/06/29 06:43:14 INFO mapreduce.Job:  map 100% reduce 22%
15/06/29 06:43:21 INFO mapreduce.Job:  map 100% reduce 23%
15/06/29 06:43:34 INFO mapreduce.Job:  map 100% reduce 24%
15/06/29 06:43:47 INFO mapreduce.Job:  map 100% reduce 25%
15/06/29 06:43:56 INFO mapreduce.Job:  map 100% reduce 26%
15/06/29 06:44:13 INFO mapreduce.Job:  map 100% reduce 27%
15/06/29 06:44:31 INFO mapreduce.Job:  map 100% reduce 28%
15/06/29 06:44:47 INFO mapreduce.Job:  map 100% reduce 29%
15/06/29 06:45:01 INFO mapreduce.Job:  map 100% reduce 30%
15/06/29 06:45:19 INFO mapreduce.Job:  map 100% reduce 31%
15/06/29 06:45:35 INFO mapreduce.Job:  map 100% reduce 32%
15/06/29 06:46:22 INFO mapreduce.Job:  map 100% reduce 33%
15/06/29 06:46:58 INFO mapreduce.Job:  map 100% reduce 34%
15/06/29 06:47:47 INFO mapreduce.Job:  map 100% reduce 35%
15/06/29 06:48:35 INFO mapreduce.Job:  map 100% reduce 36%
15/06/29 06:49:23 INFO mapreduce.Job:  map 100% reduce 37%
15/06/29 06:50:11 INFO mapreduce.Job:  map 100% reduce 38%
15/06/29 06:51:07 INFO mapreduce.Job:  map 100% reduce 39%
15/06/29 06:52:00 INFO mapreduce.Job:  map 100% reduce 40%
15/06/29 06:52:55 INFO mapreduce.Job:  map 100% reduce 41%
15/06/29 06:53:52 INFO mapreduce.Job:  map 100% reduce 42%
15/06/29 06:54:51 INFO mapreduce.Job:  map 100% reduce 43%
15/06/29 06:55:53 INFO mapreduce.Job:  map 100% reduce 44%
15/06/29 06:56:59 INFO mapreduce.Job:  map 100% reduce 45%
15/06/29 06:58:03 INFO mapreduce.Job:  map 100% reduce 46%
15/06/29 06:58:41 INFO mapreduce.Job:  map 100% reduce 47%
15/06/29 06:59:25 INFO mapreduce.Job:  map 100% reduce 48%
15/06/29 07:00:16 INFO mapreduce.Job:  map 100% reduce 49%
15/06/29 07:01:08 INFO mapreduce.Job:  map 100% reduce 50%
15/06/29 07:02:01 INFO mapreduce.Job:  map 100% reduce 51%
15/06/29 07:02:42 INFO mapreduce.Job:  map 100% reduce 52%
15/06/29 07:03:49 INFO mapreduce.Job:  map 100% reduce 53%
15/06/29 07:04:54 INFO mapreduce.Job:  map 100% reduce 54%
15/06/29 07:05:56 INFO mapreduce.Job:  map 100% reduce 55%
15/06/29 07:07:04 INFO mapreduce.Job:  map 100% reduce 56%
15/06/29 07:08:20 INFO mapreduce.Job:  map 100% reduce 57%
15/06/29 07:08:44 INFO mapreduce.Job:  map 100% reduce 58%
15/06/29 07:09:33 INFO mapreduce.Job:  map 100% reduce 59%
15/06/29 07:10:06 INFO mapreduce.Job:  map 100% reduce 60%
15/06/29 07:10:39 INFO mapreduce.Job:  map 100% reduce 61%
15/06/29 07:11:02 INFO mapreduce.Job:  map 100% reduce 62%
15/06/29 07:11:35 INFO mapreduce.Job:  map 100% reduce 63%
15/06/29 07:12:11 INFO mapreduce.Job:  map 100% reduce 64%
15/06/29 07:12:45 INFO mapreduce.Job:  map 100% reduce 65%
15/06/29 07:13:07 INFO mapreduce.Job:  map 100% reduce 66%
15/06/29 07:13:39 INFO mapreduce.Job:  map 100% reduce 67%
15/06/29 07:14:06 INFO mapreduce.Job:  map 100% reduce 68%
15/06/29 07:14:30 INFO mapreduce.Job:  map 100% reduce 69%
15/06/29 07:15:05 INFO mapreduce.Job:  map 100% reduce 70%
15/06/29 07:15:36 INFO mapreduce.Job:  map 100% reduce 71%
15/06/29 07:16:15 INFO mapreduce.Job:  map 100% reduce 72%
15/06/29 07:16:33 INFO mapreduce.Job:  map 100% reduce 73%
15/06/29 07:16:54 INFO mapreduce.Job:  map 100% reduce 74%
15/06/29 07:17:16 INFO mapreduce.Job:  map 100% reduce 75%
15/06/29 07:17:58 INFO mapreduce.Job:  map 100% reduce 76%
15/06/29 07:18:39 INFO mapreduce.Job:  map 100% reduce 77%
15/06/29 07:20:08 INFO mapreduce.Job:  map 100% reduce 78%
15/06/29 07:21:45 INFO mapreduce.Job:  map 100% reduce 79%
15/06/29 07:23:26 INFO mapreduce.Job:  map 100% reduce 80%
15/06/29 07:25:07 INFO mapreduce.Job:  map 100% reduce 81%
15/06/29 07:26:49 INFO mapreduce.Job:  map 100% reduce 82%
15/06/29 07:28:29 INFO mapreduce.Job:  map 100% reduce 83%
15/06/29 07:30:01 INFO mapreduce.Job:  map 100% reduce 84%
15/06/29 07:31:36 INFO mapreduce.Job:  map 100% reduce 85%
15/06/29 07:33:13 INFO mapreduce.Job:  map 100% reduce 86%
15/06/29 07:34:51 INFO mapreduce.Job:  map 100% reduce 87%
15/06/29 07:36:44 INFO mapreduce.Job:  map 100% reduce 88%
15/06/29 07:38:42 INFO mapreduce.Job:  map 100% reduce 89%
15/06/29 07:40:52 INFO mapreduce.Job:  map 100% reduce 90%
15/06/29 07:43:06 INFO mapreduce.Job:  map 100% reduce 91%
15/06/29 07:45:31 INFO mapreduce.Job:  map 100% reduce 92%
15/06/29 07:47:52 INFO mapreduce.Job:  map 100% reduce 93%
15/06/29 07:50:20 INFO mapreduce.Job:  map 100% reduce 94%
15/06/29 07:52:51 INFO mapreduce.Job:  map 100% reduce 95%
15/06/29 07:55:49 INFO mapreduce.Job:  map 100% reduce 96%
15/06/29 07:58:48 INFO mapreduce.Job:  map 100% reduce 97%
15/06/29 08:04:11 INFO mapreduce.Job:  map 100% reduce 98%
15/06/29 08:47:04 INFO mapreduce.Job:  map 100% reduce 99%
15/06/29 10:19:33 INFO mapreduce.Job:  map 100% reduce 100%
15/06/29 14:53:59 INFO mapreduce.Job: Job job_1434651818028_24369 completed successfully
15/06/29 14:54:00 INFO mapreduce.Job: Counters: 68
	File System Counters
		FILE: Number of bytes read=5029530017480
		FILE: Number of bytes written=7965515999281
		FILE: Number of read operations=0
		FILE: Number of large read operations=0
		FILE: Number of write operations=0
		HDFS: Number of bytes read=4944876360589
		HDFS: Number of bytes written=1126043304987
		HDFS: Number of read operations=215440
		HDFS: Number of large read operations=0
		HDFS: Number of write operations=200
	Job Counters 
		Killed map tasks=4
		Killed reduce tasks=949
		Launched map tasks=43012
		Launched reduce tasks=1049
		Other local map tasks=57
		Data-local map tasks=42363
		Rack-local map tasks=592
		Total time spent by all maps in occupied slots (ms)=0
		Total time spent by all reduces in occupied slots (ms)=0
		Total time spent by all map tasks (ms)=2855154570
		Total time spent by all reduce tasks (ms)=1730668883
		Total vcore-seconds taken by all map tasks=2855154570
		Total vcore-seconds taken by all reduce tasks=1730668883
		Total megabyte-seconds taken by all map tasks=5847356559360
		Total megabyte-seconds taken by all reduce tasks=7088819744768
	Map-Reduce Framework
		Map input records=55931232003
		Map output records=5334098180
		Map output bytes=2906073971081
		Map output materialized bytes=2930647698447
		Input split bytes=6808475
		Combine input records=0
		Combine output records=0
		Reduce input groups=727892118
		Reduce shuffle bytes=2930647698447
		Reduce input records=5334098180
		Reduce output records=0
		Spilled Records=14486257279
		Shuffled Maps =4300800
		Failed Shuffles=0
		Merged Map outputs=4300800
		GC time elapsed (ms)=233115447
		CPU time spent (ms)=5041529980
		Physical memory (bytes) snapshot=65169098825728
		Virtual memory (bytes) snapshot=106536484790272
		Total committed heap usage (bytes)=60997762023424
	Shuffle Errors
		BAD_ID=0
		CONNECTION=0
		IO_ERROR=0
		WRONG_LENGTH=0
		WRONG_MAP=0
		WRONG_REDUCE=0
	File Input Format Counters 
		Bytes Read=4934521410614
	File Output Format Counters 
		Bytes Written=0
	org.wikimedia.west1.traces.GroupAndFilterMapper$HADOOP_COUNTERS
		MAP_OK_REQUEST=5334098180
		MAP_SKIPPED_BAD_HOST=42478385909
		MAP_SKIPPED_BAD_HTTP_STATUS=102431668
		MAP_SKIPPED_BAD_PATH=6681967726
		MAP_SKIPPED_BOT=1086487760
		MAP_SKIPPED_SPECIAL_PAGE=247860760
	org.wikimedia.west1.traces.TreeExtractorReducer$HADOOP_COUNTERS
		REDUCE_MSEC_EVENT_CONSTRUCTOR=36187617
		REDUCE_OK_TREE=2831017987
		REDUCE_REDIRECT_RESOLVED=234808215
		REDUCE_SKIPPED_WIKIMEDIA_REFERER_IN_ROOT=156608205
		REDUCE_STACKOVERFLOW=24843
		REDUCE_TOO_MANY_EVENTS=12906
	parquet
		bytesread=4934414349089
		bytestotal=5882867811728
		timeread=58881912
Jun 28, 2015 11:21:55 PM INFO: parquet.hadoop.ParquetInputFormat: Total input paths to process : 43008
